0 info it worked if it ends with ok
1 verbose cli [ 'C:\\Program Files\\nodejs\\\\node.exe',
1 verbose cli   'C:\\Program Files\\nodejs\\node_modules\\npm\\bin\\npm-cli.js',
1 verbose cli   'install',
1 verbose cli   'gulp-header',
1 verbose cli   '--save-dev' ]
2 info using npm@1.4.28
3 info using node@v0.10.35
4 verbose node symlink C:\Program Files\nodejs\\node.exe
5 warn package.json object-table@0.1.3 No repository field.
6 verbose readDependencies using package.json deps
7 verbose cache add [ 'gulp-header', null ]
8 verbose cache add name=undefined spec="gulp-header" args=["gulp-header",null]
9 verbose parsed url { protocol: null,
9 verbose parsed url   slashes: null,
9 verbose parsed url   auth: null,
9 verbose parsed url   host: null,
9 verbose parsed url   port: null,
9 verbose parsed url   hostname: null,
9 verbose parsed url   hash: null,
9 verbose parsed url   search: null,
9 verbose parsed url   query: null,
9 verbose parsed url   pathname: 'gulp-header',
9 verbose parsed url   path: 'gulp-header',
9 verbose parsed url   href: 'gulp-header' }
10 silly lockFile aa56380c-gulp-header gulp-header
11 verbose lock gulp-header C:\Users\Yauheni\AppData\Roaming\npm-cache\aa56380c-gulp-header.lock
12 silly lockFile aa56380c-gulp-header gulp-header
13 silly lockFile aa56380c-gulp-header gulp-header
14 verbose addNamed [ 'gulp-header', '' ]
15 verbose addNamed [ null, '*' ]
16 silly lockFile 4602398c-gulp-header gulp-header@
17 verbose lock gulp-header@ C:\Users\Yauheni\AppData\Roaming\npm-cache\4602398c-gulp-header.lock
18 silly addNameRange { name: 'gulp-header', range: '*', hasData: false }
19 verbose registry.get https://registry.npmjs.org/gulp-header not expired, no request
20 silly addNameRange number 2 { name: 'gulp-header', range: '*', hasData: true }
21 silly addNameRange versions [ 'gulp-header',
21 silly addNameRange   [ '0.4.0',
21 silly addNameRange     '1.0.1',
21 silly addNameRange     '1.0.5',
21 silly addNameRange     '1.1.0',
21 silly addNameRange     '1.1.1',
21 silly addNameRange     '1.2.0',
21 silly addNameRange     '1.2.1',
21 silly addNameRange     '1.2.2' ] ]
22 verbose addNamed [ 'gulp-header', '1.2.2' ]
23 verbose addNamed [ '1.2.2', '1.2.2' ]
24 silly lockFile 296dc4dc-gulp-header-1-2-2 gulp-header@1.2.2
25 verbose lock gulp-header@1.2.2 C:\Users\Yauheni\AppData\Roaming\npm-cache\296dc4dc-gulp-header-1-2-2.lock
26 silly lockFile 296dc4dc-gulp-header-1-2-2 gulp-header@1.2.2
27 silly lockFile 296dc4dc-gulp-header-1-2-2 gulp-header@1.2.2
28 silly lockFile 4602398c-gulp-header gulp-header@
29 silly lockFile 4602398c-gulp-header gulp-header@
30 silly resolved [ { name: 'gulp-header',
30 silly resolved     version: '1.2.2',
30 silly resolved     description: 'Gulp extension to add header to file(s) in the pipeline.',
30 silly resolved     main: './index.js',
30 silly resolved     proxy: null,
30 silly resolved     'https-proxy': null,
30 silly resolved     directories: { test: 'test' },
30 silly resolved     scripts: { test: 'mocha --reporter spec' },
30 silly resolved     repository:
30 silly resolved      { type: 'git',
30 silly resolved        url: 'git://github.com/tracker1/gulp-header.git' },
30 silly resolved     keywords: [ 'header', 'gulpplugin', 'eventstream' ],
30 silly resolved     author:
30 silly resolved      { name: 'Michael J. Ryan',
30 silly resolved        email: 'mxryan@godaddy.com',
30 silly resolved        url: 'http://github.com/tracker1' },
30 silly resolved     contributors: [ [Object], [Object] ],
30 silly resolved     license: 'MIT',
30 silly resolved     bugs: { url: 'https://github.com/tracker1/gulp-header/issues' },
30 silly resolved     dependencies: { 'gulp-util': '*', 'object-assign': '*', through2: '*' },
30 silly resolved     devDependencies: { 'event-stream': '^3.1.7', mocha: '*', should: '*', vinyl: '*' },
30 silly resolved     gitHead: 'e25a0ab4dced7e6f87b4e478f4fdb084b9e47e01',
30 silly resolved     homepage: 'https://github.com/tracker1/gulp-header',
30 silly resolved     _id: 'gulp-header@1.2.2',
30 silly resolved     _shasum: 'c1c1980c5ddf30ccee84bb03b8d991612da1e92f',
30 silly resolved     _from: 'gulp-header@',
30 silly resolved     _npmVersion: '1.4.28',
30 silly resolved     _npmUser: { name: 'tracker1', email: 'tracker1@gmail.com' },
30 silly resolved     maintainers: [ [Object] ],
30 silly resolved     dist:
30 silly resolved      { shasum: 'c1c1980c5ddf30ccee84bb03b8d991612da1e92f',
30 silly resolved        tarball: 'http://registry.npmjs.org/gulp-header/-/gulp-header-1.2.2.tgz' },
30 silly resolved     _resolved: 'https://registry.npmjs.org/gulp-header/-/gulp-header-1.2.2.tgz',
30 silly resolved     readme: 'ERROR: No README data found!' } ]
31 info install gulp-header@1.2.2 into C:\Users\Yauheni\Desktop\gTable\object-table
32 info installOne gulp-header@1.2.2
33 verbose node_modules\gulp-header unbuild
34 info preuninstall gulp-header@1.2.2
35 info uninstall gulp-header@1.2.2
36 verbose true,C:\Users\Yauheni\Desktop\gTable\object-table\node_modules,C:\Users\Yauheni\Desktop\gTable\object-table\node_modules unbuild gulp-header@1.2.2
37 info postuninstall gulp-header@1.2.2
38 verbose tar unpack C:\Users\Yauheni\AppData\Roaming\npm-cache\gulp-header\1.2.2\package.tgz
39 silly lockFile 36996526-t-table-node-modules-gulp-header tar://C:\Users\Yauheni\Desktop\gTable\object-table\node_modules\gulp-header
40 verbose lock tar://C:\Users\Yauheni\Desktop\gTable\object-table\node_modules\gulp-header C:\Users\Yauheni\AppData\Roaming\npm-cache\36996526-t-table-node-modules-gulp-header.lock
41 silly lockFile e20e2cc9-he-gulp-header-1-2-2-package-tgz tar://C:\Users\Yauheni\AppData\Roaming\npm-cache\gulp-header\1.2.2\package.tgz
42 verbose lock tar://C:\Users\Yauheni\AppData\Roaming\npm-cache\gulp-header\1.2.2\package.tgz C:\Users\Yauheni\AppData\Roaming\npm-cache\e20e2cc9-he-gulp-header-1-2-2-package-tgz.lock
43 silly gunzTarPerm modes [ '777', '666' ]
44 silly gunzTarPerm extractEntry package.json
45 silly gunzTarPerm extractEntry .npmignore
46 silly gunzTarPerm extractEntry README.md
47 silly gunzTarPerm extractEntry LICENSE
48 silly gunzTarPerm extractEntry index.js
49 silly gunzTarPerm extractEntry .editorconfig
50 silly gunzTarPerm extractEntry .travis.yml
51 silly gunzTarPerm extractEntry test/main.js
52 silly gunzTarPerm extractEntry test/fixture/file.js
53 silly gunzTarPerm extractEntry test/sample
54 silly lockFile 36996526-t-table-node-modules-gulp-header tar://C:\Users\Yauheni\Desktop\gTable\object-table\node_modules\gulp-header
55 silly lockFile 36996526-t-table-node-modules-gulp-header tar://C:\Users\Yauheni\Desktop\gTable\object-table\node_modules\gulp-header
56 silly lockFile e20e2cc9-he-gulp-header-1-2-2-package-tgz tar://C:\Users\Yauheni\AppData\Roaming\npm-cache\gulp-header\1.2.2\package.tgz
57 silly lockFile e20e2cc9-he-gulp-header-1-2-2-package-tgz tar://C:\Users\Yauheni\AppData\Roaming\npm-cache\gulp-header\1.2.2\package.tgz
58 info preinstall gulp-header@1.2.2
59 verbose readDependencies using package.json deps
60 verbose readDependencies using package.json deps
61 verbose cache add [ 'object-assign@*', null ]
62 verbose cache add name=undefined spec="object-assign@*" args=["object-assign@*",null]
63 verbose parsed url { protocol: null,
63 verbose parsed url   slashes: null,
63 verbose parsed url   auth: null,
63 verbose parsed url   host: null,
63 verbose parsed url   port: null,
63 verbose parsed url   hostname: null,
63 verbose parsed url   hash: null,
63 verbose parsed url   search: null,
63 verbose parsed url   query: null,
63 verbose parsed url   pathname: 'object-assign@*',
63 verbose parsed url   path: 'object-assign@*',
63 verbose parsed url   href: 'object-assign@*' }
64 verbose cache add [ 'through2@*', null ]
65 verbose cache add name=undefined spec="through2@*" args=["through2@*",null]
66 verbose parsed url { protocol: null,
66 verbose parsed url   slashes: null,
66 verbose parsed url   auth: null,
66 verbose parsed url   host: null,
66 verbose parsed url   port: null,
66 verbose parsed url   hostname: null,
66 verbose parsed url   hash: null,
66 verbose parsed url   search: null,
66 verbose parsed url   query: null,
66 verbose parsed url   pathname: 'through2@*',
66 verbose parsed url   path: 'through2@*',
66 verbose parsed url   href: 'through2@*' }
67 verbose cache add name="object-assign" spec="*" args=["object-assign","*"]
68 verbose parsed url { protocol: null,
68 verbose parsed url   slashes: null,
68 verbose parsed url   auth: null,
68 verbose parsed url   host: null,
68 verbose parsed url   port: null,
68 verbose parsed url   hostname: null,
68 verbose parsed url   hash: null,
68 verbose parsed url   search: null,
68 verbose parsed url   query: null,
68 verbose parsed url   pathname: '*',
68 verbose parsed url   path: '*',
68 verbose parsed url   href: '*' }
69 verbose addNamed [ 'object-assign', '*' ]
70 verbose addNamed [ null, '*' ]
71 silly lockFile e989921c-object-assign object-assign@*
72 verbose lock object-assign@* C:\Users\Yauheni\AppData\Roaming\npm-cache\e989921c-object-assign.lock
73 verbose cache add name="through2" spec="*" args=["through2","*"]
74 verbose parsed url { protocol: null,
74 verbose parsed url   slashes: null,
74 verbose parsed url   auth: null,
74 verbose parsed url   host: null,
74 verbose parsed url   port: null,
74 verbose parsed url   hostname: null,
74 verbose parsed url   hash: null,
74 verbose parsed url   search: null,
74 verbose parsed url   query: null,
74 verbose parsed url   pathname: '*',
74 verbose parsed url   path: '*',
74 verbose parsed url   href: '*' }
75 verbose addNamed [ 'through2', '*' ]
76 verbose addNamed [ null, '*' ]
77 silly lockFile 6b216967-through2 through2@*
78 verbose lock through2@* C:\Users\Yauheni\AppData\Roaming\npm-cache\6b216967-through2.lock
79 silly addNameRange { name: 'object-assign', range: '*', hasData: false }
80 silly addNameRange { name: 'through2', range: '*', hasData: false }
81 verbose registry.get https://registry.npmjs.org/object-assign not expired, no request
82 silly addNameRange number 2 { name: 'object-assign', range: '*', hasData: true }
83 silly addNameRange versions [ 'object-assign',
83 silly addNameRange   [ '0.1.0',
83 silly addNameRange     '0.1.1',
83 silly addNameRange     '0.1.2',
83 silly addNameRange     '0.2.0',
83 silly addNameRange     '0.2.1',
83 silly addNameRange     '0.2.2',
83 silly addNameRange     '0.3.0',
83 silly addNameRange     '0.3.1',
83 silly addNameRange     '0.4.0',
83 silly addNameRange     '1.0.0',
83 silly addNameRange     '2.0.0' ] ]
84 verbose addNamed [ 'object-assign', '2.0.0' ]
85 verbose addNamed [ '2.0.0', '2.0.0' ]
86 silly lockFile 806ee24e-object-assign-2-0-0 object-assign@2.0.0
87 verbose lock object-assign@2.0.0 C:\Users\Yauheni\AppData\Roaming\npm-cache\806ee24e-object-assign-2-0-0.lock
88 silly lockFile 806ee24e-object-assign-2-0-0 object-assign@2.0.0
89 silly lockFile 806ee24e-object-assign-2-0-0 object-assign@2.0.0
90 verbose registry.get https://registry.npmjs.org/through2 not expired, no request
91 silly addNameRange number 2 { name: 'through2', range: '*', hasData: true }
92 silly addNameRange versions [ 'through2',
92 silly addNameRange   [ '0.0.0',
92 silly addNameRange     '0.0.1',
92 silly addNameRange     '0.0.2',
92 silly addNameRange     '0.0.3',
92 silly addNameRange     '0.0.4',
92 silly addNameRange     '0.0.5',
92 silly addNameRange     '0.1.0',
92 silly addNameRange     '0.2.0',
92 silly addNameRange     '0.2.1',
92 silly addNameRange     '0.2.2',
92 silly addNameRange     '0.2.3',
92 silly addNameRange     '0.3.0',
92 silly addNameRange     '0.4.0',
92 silly addNameRange     '0.4.1',
92 silly addNameRange     '1.0.0',
92 silly addNameRange     '0.4.2',
92 silly addNameRange     '0.5.0',
92 silly addNameRange     '0.5.1',
92 silly addNameRange     '0.6.0',
92 silly addNameRange     '1.1.0',
92 silly addNameRange     '0.6.1',
92 silly addNameRange     '1.1.1',
92 silly addNameRange     '0.6.2',
92 silly addNameRange     '0.6.3',
92 silly addNameRange     '0.6.4',
92 silly addNameRange     '0.6.5' ] ]
93 verbose addNamed [ 'through2', '0.6.5' ]
94 verbose addNamed [ '0.6.5', '0.6.5' ]
95 silly lockFile 0698518e-through2-0-6-5 through2@0.6.5
96 verbose lock through2@0.6.5 C:\Users\Yauheni\AppData\Roaming\npm-cache\0698518e-through2-0-6-5.lock
97 silly lockFile e989921c-object-assign object-assign@*
98 silly lockFile e989921c-object-assign object-assign@*
99 silly lockFile 0698518e-through2-0-6-5 through2@0.6.5
100 silly lockFile 0698518e-through2-0-6-5 through2@0.6.5
101 silly lockFile 6b216967-through2 through2@*
102 silly lockFile 6b216967-through2 through2@*
103 silly resolved [ { name: 'object-assign',
103 silly resolved     version: '2.0.0',
103 silly resolved     description: 'ES6 Object.assign() ponyfill',
103 silly resolved     license: 'MIT',
103 silly resolved     repository:
103 silly resolved      { type: 'git',
103 silly resolved        url: 'https://github.com/sindresorhus/object-assign' },
103 silly resolved     author:
103 silly resolved      { name: 'Sindre Sorhus',
103 silly resolved        email: 'sindresorhus@gmail.com',
103 silly resolved        url: 'http://sindresorhus.com' },
103 silly resolved     engines: { node: '>=0.10.0' },
103 silly resolved     scripts: { test: 'mocha' },
103 silly resolved     files: [ 'index.js' ],
103 silly resolved     keywords:
103 silly resolved      [ 'object',
103 silly resolved        'assign',
103 silly resolved        'extend',
103 silly resolved        'properties',
103 silly resolved        'es6',
103 silly resolved        'ecmascript',
103 silly resolved        'harmony',
103 silly resolved        'ponyfill',
103 silly resolved        'prollyfill',
103 silly resolved        'polyfill',
103 silly resolved        'shim',
103 silly resolved        'browser' ],
103 silly resolved     devDependencies: { mocha: '*' },
103 silly resolved     gitHead: '4cd0365f5a78dd369473ca0bbd31f7b234148c42',
103 silly resolved     bugs: { url: 'https://github.com/sindresorhus/object-assign/issues' },
103 silly resolved     homepage: 'https://github.com/sindresorhus/object-assign',
103 silly resolved     _id: 'object-assign@2.0.0',
103 silly resolved     _shasum: 'f8309b09083b01261ece3ef7373f2b57b8dd7042',
103 silly resolved     _from: 'object-assign@*',
103 silly resolved     _npmVersion: '2.1.5',
103 silly resolved     _nodeVersion: '0.10.32',
103 silly resolved     _npmUser: { name: 'sindresorhus', email: 'sindresorhus@gmail.com' },
103 silly resolved     maintainers: [ [Object] ],
103 silly resolved     dist:
103 silly resolved      { shasum: 'f8309b09083b01261ece3ef7373f2b57b8dd7042',
103 silly resolved        tarball: 'http://registry.npmjs.org/object-assign/-/object-assign-2.0.0.tgz' },
103 silly resolved     directories: {},
103 silly resolved     _resolved: 'https://registry.npmjs.org/object-assign/-/object-assign-2.0.0.tgz',
103 silly resolved     readme: 'ERROR: No README data found!' },
103 silly resolved   { name: 'through2',
103 silly resolved     version: '0.6.5',
103 silly resolved     description: 'A tiny wrapper around Node streams2 Transform to avoid explicit subclassing noise',
103 silly resolved     main: 'through2.js',
103 silly resolved     scripts:
103 silly resolved      { test: 'node test/test.js',
103 silly resolved        'test-local': 'brtapsauce-local test/basic-test.js' },
103 silly resolved     repository: { type: 'git', url: 'https://github.com/rvagg/through2.git' },
103 silly resolved     keywords: [ 'stream', 'streams2', 'through', 'transform' ],
103 silly resolved     author:
103 silly resolved      { name: 'Rod Vagg',
103 silly resolved        email: 'r@va.gg',
103 silly resolved        url: 'https://github.com/rvagg' },
103 silly resolved     license: 'MIT',
103 silly resolved     dependencies:
103 silly resolved      { 'readable-stream': '>=1.0.33-1 <1.1.0-0',
103 silly resolved        xtend: '>=4.0.0 <4.1.0-0' },
103 silly resolved     devDependencies:
103 silly resolved      { bl: '>=0.9.0 <0.10.0-0',
103 silly resolved        'stream-spigot': '>=3.0.4 <3.1.0-0',
103 silly resolved        tape: '>=2.14.0 <2.15.0-0' },
103 silly resolved     gitHead: 'ba4a87875f2c82323c10023e36f4ae4b386c1bf8',
103 silly resolved     bugs: { url: 'https://github.com/rvagg/through2/issues' },
103 silly resolved     homepage: 'https://github.com/rvagg/through2',
103 silly resolved     _id: 'through2@0.6.5',
103 silly resolved     _shasum: '41ab9c67b29d57209071410e1d7a7a968cd3ad48',
103 silly resolved     _from: 'through2@*',
103 silly resolved     _npmVersion: '1.4.28',
103 silly resolved     _npmUser: { name: 'bryce', email: 'bryce@ravenwall.com' },
103 silly resolved     maintainers: [ [Object], [Object] ],
103 silly resolved     dist:
103 silly resolved      { shasum: '41ab9c67b29d57209071410e1d7a7a968cd3ad48',
103 silly resolved        tarball: 'http://registry.npmjs.org/through2/-/through2-0.6.5.tgz' },
103 silly resolved     directories: {},
103 silly resolved     _resolved: 'https://registry.npmjs.org/through2/-/through2-0.6.5.tgz',
103 silly resolved     readme: 'ERROR: No README data found!' } ]
104 info install object-assign@2.0.0 into C:\Users\Yauheni\Desktop\gTable\object-table\node_modules\gulp-header
105 info install through2@0.6.5 into C:\Users\Yauheni\Desktop\gTable\object-table\node_modules\gulp-header
106 info installOne object-assign@2.0.0
107 info installOne through2@0.6.5
108 verbose node_modules\gulp-header\node_modules\object-assign unbuild
109 verbose node_modules\gulp-header\node_modules\through2 unbuild
110 verbose tar unpack C:\Users\Yauheni\AppData\Roaming\npm-cache\object-assign\2.0.0\package.tgz
111 silly lockFile e1ea8a43-eader-node-modules-object-assign tar://C:\Users\Yauheni\Desktop\gTable\object-table\node_modules\gulp-header\node_modules\object-assign
112 verbose lock tar://C:\Users\Yauheni\Desktop\gTable\object-table\node_modules\gulp-header\node_modules\object-assign C:\Users\Yauheni\AppData\Roaming\npm-cache\e1ea8a43-eader-node-modules-object-assign.lock
113 silly lockFile 4e2fec69--object-assign-2-0-0-package-tgz tar://C:\Users\Yauheni\AppData\Roaming\npm-cache\object-assign\2.0.0\package.tgz
114 verbose lock tar://C:\Users\Yauheni\AppData\Roaming\npm-cache\object-assign\2.0.0\package.tgz C:\Users\Yauheni\AppData\Roaming\npm-cache\4e2fec69--object-assign-2-0-0-package-tgz.lock
115 verbose tar unpack C:\Users\Yauheni\AppData\Roaming\npm-cache\through2\0.6.5\package.tgz
116 silly lockFile 8d09e7fa-ulp-header-node-modules-through2 tar://C:\Users\Yauheni\Desktop\gTable\object-table\node_modules\gulp-header\node_modules\through2
117 verbose lock tar://C:\Users\Yauheni\Desktop\gTable\object-table\node_modules\gulp-header\node_modules\through2 C:\Users\Yauheni\AppData\Roaming\npm-cache\8d09e7fa-ulp-header-node-modules-through2.lock
118 silly lockFile f3a79cdb-cache-through2-0-6-5-package-tgz tar://C:\Users\Yauheni\AppData\Roaming\npm-cache\through2\0.6.5\package.tgz
119 verbose lock tar://C:\Users\Yauheni\AppData\Roaming\npm-cache\through2\0.6.5\package.tgz C:\Users\Yauheni\AppData\Roaming\npm-cache\f3a79cdb-cache-through2-0-6-5-package-tgz.lock
120 silly gunzTarPerm modes [ '777', '666' ]
121 silly gunzTarPerm modes [ '777', '666' ]
122 silly gunzTarPerm extractEntry package.json
123 silly gunzTarPerm modified mode [ 'package.json', 420, 438 ]
124 silly gunzTarPerm extractEntry package.json
125 silly gunzTarPerm modified mode [ 'package.json', 436, 438 ]
126 silly gunzTarPerm extractEntry index.js
127 silly gunzTarPerm modified mode [ 'index.js', 420, 438 ]
128 silly gunzTarPerm extractEntry readme.md
129 silly gunzTarPerm modified mode [ 'readme.md', 420, 438 ]
130 silly gunzTarPerm extractEntry .npmignore
131 silly gunzTarPerm modified mode [ '.npmignore', 436, 438 ]
132 silly gunzTarPerm extractEntry README.md
133 silly gunzTarPerm modified mode [ 'README.md', 436, 438 ]
134 silly gunzTarPerm extractEntry LICENSE
135 silly gunzTarPerm modified mode [ 'LICENSE', 436, 438 ]
136 silly gunzTarPerm extractEntry through2.js
137 silly gunzTarPerm modified mode [ 'through2.js', 436, 438 ]
138 silly lockFile e1ea8a43-eader-node-modules-object-assign tar://C:\Users\Yauheni\Desktop\gTable\object-table\node_modules\gulp-header\node_modules\object-assign
139 silly lockFile e1ea8a43-eader-node-modules-object-assign tar://C:\Users\Yauheni\Desktop\gTable\object-table\node_modules\gulp-header\node_modules\object-assign
140 silly lockFile 4e2fec69--object-assign-2-0-0-package-tgz tar://C:\Users\Yauheni\AppData\Roaming\npm-cache\object-assign\2.0.0\package.tgz
141 silly lockFile 4e2fec69--object-assign-2-0-0-package-tgz tar://C:\Users\Yauheni\AppData\Roaming\npm-cache\object-assign\2.0.0\package.tgz
142 info preinstall object-assign@2.0.0
143 verbose readDependencies using package.json deps
144 verbose readDependencies using package.json deps
145 silly resolved []
146 verbose about to build C:\Users\Yauheni\Desktop\gTable\object-table\node_modules\gulp-header\node_modules\object-assign
147 info build C:\Users\Yauheni\Desktop\gTable\object-table\node_modules\gulp-header\node_modules\object-assign
148 verbose linkStuff [ false,
148 verbose linkStuff   false,
148 verbose linkStuff   false,
148 verbose linkStuff   'C:\\Users\\Yauheni\\Desktop\\gTable\\object-table\\node_modules\\gulp-header\\node_modules' ]
149 info linkStuff object-assign@2.0.0
150 verbose linkBins object-assign@2.0.0
151 verbose linkMans object-assign@2.0.0
152 verbose rebuildBundles object-assign@2.0.0
153 silly lockFile 8d09e7fa-ulp-header-node-modules-through2 tar://C:\Users\Yauheni\Desktop\gTable\object-table\node_modules\gulp-header\node_modules\through2
154 silly lockFile 8d09e7fa-ulp-header-node-modules-through2 tar://C:\Users\Yauheni\Desktop\gTable\object-table\node_modules\gulp-header\node_modules\through2
155 info install object-assign@2.0.0
156 silly lockFile f3a79cdb-cache-through2-0-6-5-package-tgz tar://C:\Users\Yauheni\AppData\Roaming\npm-cache\through2\0.6.5\package.tgz
157 silly lockFile f3a79cdb-cache-through2-0-6-5-package-tgz tar://C:\Users\Yauheni\AppData\Roaming\npm-cache\through2\0.6.5\package.tgz
158 info postinstall object-assign@2.0.0
159 info preinstall through2@0.6.5
160 verbose readDependencies using package.json deps
161 verbose readDependencies using package.json deps
162 verbose cache add [ 'readable-stream@>=1.0.33-1 <1.1.0-0', null ]
163 verbose cache add name=undefined spec="readable-stream@>=1.0.33-1 <1.1.0-0" args=["readable-stream@>=1.0.33-1 <1.1.0-0",null]
164 verbose parsed url { protocol: null,
164 verbose parsed url   slashes: null,
164 verbose parsed url   auth: null,
164 verbose parsed url   host: null,
164 verbose parsed url   port: null,
164 verbose parsed url   hostname: null,
164 verbose parsed url   hash: null,
164 verbose parsed url   search: null,
164 verbose parsed url   query: null,
164 verbose parsed url   pathname: 'readable-stream@%3E=1.0.33-1%20%3C1.1.0-0',
164 verbose parsed url   path: 'readable-stream@%3E=1.0.33-1%20%3C1.1.0-0',
164 verbose parsed url   href: 'readable-stream@%3E=1.0.33-1%20%3C1.1.0-0' }
165 verbose cache add [ 'xtend@>=4.0.0 <4.1.0-0', null ]
166 verbose cache add name=undefined spec="xtend@>=4.0.0 <4.1.0-0" args=["xtend@>=4.0.0 <4.1.0-0",null]
167 verbose parsed url { protocol: null,
167 verbose parsed url   slashes: null,
167 verbose parsed url   auth: null,
167 verbose parsed url   host: null,
167 verbose parsed url   port: null,
167 verbose parsed url   hostname: null,
167 verbose parsed url   hash: null,
167 verbose parsed url   search: null,
167 verbose parsed url   query: null,
167 verbose parsed url   pathname: 'xtend@%3E=4.0.0%20%3C4.1.0-0',
167 verbose parsed url   path: 'xtend@%3E=4.0.0%20%3C4.1.0-0',
167 verbose parsed url   href: 'xtend@%3E=4.0.0%20%3C4.1.0-0' }
168 verbose cache add name="readable-stream" spec=">=1.0.33-1 <1.1.0-0" args=["readable-stream",">=1.0.33-1 <1.1.0-0"]
169 verbose parsed url { protocol: null,
169 verbose parsed url   slashes: null,
169 verbose parsed url   auth: null,
169 verbose parsed url   host: null,
169 verbose parsed url   port: null,
169 verbose parsed url   hostname: null,
169 verbose parsed url   hash: null,
169 verbose parsed url   search: null,
169 verbose parsed url   query: null,
169 verbose parsed url   pathname: '%3E=1.0.33-1%20%3C1.1.0-0',
169 verbose parsed url   path: '%3E=1.0.33-1%20%3C1.1.0-0',
169 verbose parsed url   href: '%3E=1.0.33-1%20%3C1.1.0-0' }
170 verbose addNamed [ 'readable-stream', '>=1.0.33-1 <1.1.0-0' ]
171 verbose addNamed [ null, '>=1.0.33-1 <1.1.0-0' ]
172 silly lockFile 734832e1-readable-stream-1-0-33-1-1-1-0-0 readable-stream@>=1.0.33-1 <1.1.0-0
173 verbose lock readable-stream@>=1.0.33-1 <1.1.0-0 C:\Users\Yauheni\AppData\Roaming\npm-cache\734832e1-readable-stream-1-0-33-1-1-1-0-0.lock
174 verbose cache add name="xtend" spec=">=4.0.0 <4.1.0-0" args=["xtend",">=4.0.0 <4.1.0-0"]
175 verbose parsed url { protocol: null,
175 verbose parsed url   slashes: null,
175 verbose parsed url   auth: null,
175 verbose parsed url   host: null,
175 verbose parsed url   port: null,
175 verbose parsed url   hostname: null,
175 verbose parsed url   hash: null,
175 verbose parsed url   search: null,
175 verbose parsed url   query: null,
175 verbose parsed url   pathname: '%3E=4.0.0%20%3C4.1.0-0',
175 verbose parsed url   path: '%3E=4.0.0%20%3C4.1.0-0',
175 verbose parsed url   href: '%3E=4.0.0%20%3C4.1.0-0' }
176 verbose addNamed [ 'xtend', '>=4.0.0 <4.1.0-0' ]
177 verbose addNamed [ null, '>=4.0.0 <4.1.0-0' ]
178 silly lockFile 9928690d-xtend-4-0-0-4-1-0-0 xtend@>=4.0.0 <4.1.0-0
179 verbose lock xtend@>=4.0.0 <4.1.0-0 C:\Users\Yauheni\AppData\Roaming\npm-cache\9928690d-xtend-4-0-0-4-1-0-0.lock
180 silly addNameRange { name: 'readable-stream',
180 silly addNameRange   range: '>=1.0.33-1 <1.1.0-0',
180 silly addNameRange   hasData: false }
181 silly addNameRange { name: 'xtend', range: '>=4.0.0 <4.1.0-0', hasData: false }
182 verbose registry.get https://registry.npmjs.org/readable-stream not expired, no request
183 silly addNameRange number 2 { name: 'readable-stream',
183 silly addNameRange   range: '>=1.0.33-1 <1.1.0-0',
183 silly addNameRange   hasData: true }
184 silly addNameRange versions [ 'readable-stream',
184 silly addNameRange   [ '0.0.1',
184 silly addNameRange     '0.0.2',
184 silly addNameRange     '0.0.3',
184 silly addNameRange     '0.0.4',
184 silly addNameRange     '0.1.0',
184 silly addNameRange     '0.2.0',
184 silly addNameRange     '0.3.0',
184 silly addNameRange     '0.3.1',
184 silly addNameRange     '1.0.0',
184 silly addNameRange     '1.0.1',
184 silly addNameRange     '1.0.2',
184 silly addNameRange     '1.0.15',
184 silly addNameRange     '1.0.17',
184 silly addNameRange     '1.1.7',
184 silly addNameRange     '1.1.8',
184 silly addNameRange     '1.1.9',
184 silly addNameRange     '1.0.24',
184 silly addNameRange     '1.0.25',
184 silly addNameRange     '1.1.10',
184 silly addNameRange     '1.0.25-1',
184 silly addNameRange     '1.1.11',
184 silly addNameRange     '1.0.26',
184 silly addNameRange     '1.0.26-1',
184 silly addNameRange     '1.1.11-1',
184 silly addNameRange     '1.0.26-2',
184 silly addNameRange     '1.1.12',
184 silly addNameRange     '1.0.26-3',
184 silly addNameRange     '1.0.26-4',
184 silly addNameRange     '1.1.12-1',
184 silly addNameRange     '1.0.27-1',
184 silly addNameRange     '1.1.13-1',
184 silly addNameRange     '1.0.31',
184 silly addNameRange     '1.1.13',
184 silly addNameRange     '1.0.32',
184 silly addNameRange     '1.0.32-1',
184 silly addNameRange     '1.0.33-1',
184 silly addNameRange     '1.0.33-2',
184 silly addNameRange     '1.0.33' ] ]
185 verbose addNamed [ 'readable-stream', '1.0.33' ]
186 verbose addNamed [ '1.0.33', '1.0.33' ]
187 silly lockFile f026aa23-readable-stream-1-0-33 readable-stream@1.0.33
188 verbose lock readable-stream@1.0.33 C:\Users\Yauheni\AppData\Roaming\npm-cache\f026aa23-readable-stream-1-0-33.lock
189 verbose registry.get https://registry.npmjs.org/xtend not expired, no request
190 silly addNameRange number 2 { name: 'xtend', range: '>=4.0.0 <4.1.0-0', hasData: true }
191 silly addNameRange versions [ 'xtend',
191 silly addNameRange   [ '1.0.0',
191 silly addNameRange     '1.0.1',
191 silly addNameRange     '1.0.2',
191 silly addNameRange     '1.0.3',
191 silly addNameRange     '2.0.1',
191 silly addNameRange     '2.0.2',
191 silly addNameRange     '2.0.3',
191 silly addNameRange     '2.0.4',
191 silly addNameRange     '2.0.5',
191 silly addNameRange     '2.0.6',
191 silly addNameRange     '2.1.1',
191 silly addNameRange     '2.1.2',
191 silly addNameRange     '2.2.0',
191 silly addNameRange     '3.0.0',
191 silly addNameRange     '4.0.0' ] ]
192 verbose addNamed [ 'xtend', '4.0.0' ]
193 verbose addNamed [ '4.0.0', '4.0.0' ]
194 silly lockFile cf5db8a8-xtend-4-0-0 xtend@4.0.0
195 verbose lock xtend@4.0.0 C:\Users\Yauheni\AppData\Roaming\npm-cache\cf5db8a8-xtend-4-0-0.lock
196 silly lockFile f026aa23-readable-stream-1-0-33 readable-stream@1.0.33
197 silly lockFile f026aa23-readable-stream-1-0-33 readable-stream@1.0.33
198 silly lockFile 734832e1-readable-stream-1-0-33-1-1-1-0-0 readable-stream@>=1.0.33-1 <1.1.0-0
199 silly lockFile 734832e1-readable-stream-1-0-33-1-1-1-0-0 readable-stream@>=1.0.33-1 <1.1.0-0
200 silly lockFile cf5db8a8-xtend-4-0-0 xtend@4.0.0
201 silly lockFile cf5db8a8-xtend-4-0-0 xtend@4.0.0
202 silly lockFile 9928690d-xtend-4-0-0-4-1-0-0 xtend@>=4.0.0 <4.1.0-0
203 silly lockFile 9928690d-xtend-4-0-0-4-1-0-0 xtend@>=4.0.0 <4.1.0-0
204 silly resolved [ { name: 'readable-stream',
204 silly resolved     version: '1.0.33',
204 silly resolved     description: 'Streams2, a user-land copy of the stream library from Node.js v0.10.x',
204 silly resolved     main: 'readable.js',
204 silly resolved     dependencies:
204 silly resolved      { 'core-util-is': '~1.0.0',
204 silly resolved        isarray: '0.0.1',
204 silly resolved        string_decoder: '~0.10.x',
204 silly resolved        inherits: '~2.0.1' },
204 silly resolved     devDependencies: { tap: '~0.2.6' },
204 silly resolved     scripts: { test: 'tap test/simple/*.js' },
204 silly resolved     repository: { type: 'git', url: 'git://github.com/isaacs/readable-stream' },
204 silly resolved     keywords: [ 'readable', 'stream', 'pipe' ],
204 silly resolved     browser: { util: false },
204 silly resolved     author:
204 silly resolved      { name: 'Isaac Z. Schlueter',
204 silly resolved        email: 'i@izs.me',
204 silly resolved        url: 'http://blog.izs.me/' },
204 silly resolved     license: 'MIT',
204 silly resolved     gitHead: '0bf97a117c5646556548966409ebc57a6dda2638',
204 silly resolved     bugs: { url: 'https://github.com/isaacs/readable-stream/issues' },
204 silly resolved     homepage: 'https://github.com/isaacs/readable-stream',
204 silly resolved     _id: 'readable-stream@1.0.33',
204 silly resolved     _shasum: '3a360dd66c1b1d7fd4705389860eda1d0f61126c',
204 silly resolved     _from: 'readable-stream@>=1.0.33-1 <1.1.0-0',
204 silly resolved     _npmVersion: '1.4.28',
204 silly resolved     _npmUser: { name: 'rvagg', email: 'rod@vagg.org' },
204 silly resolved     maintainers: [ [Object], [Object], [Object] ],
204 silly resolved     dist:
204 silly resolved      { shasum: '3a360dd66c1b1d7fd4705389860eda1d0f61126c',
204 silly resolved        tarball: 'http://registry.npmjs.org/readable-stream/-/readable-stream-1.0.33.tgz' },
204 silly resolved     directories: {},
204 silly resolved     _resolved: 'https://registry.npmjs.org/readable-stream/-/readable-stream-1.0.33.tgz',
204 silly resolved     readme: 'ERROR: No README data found!' },
204 silly resolved   { name: 'xtend',
204 silly resolved     version: '4.0.0',
204 silly resolved     description: 'extend like a boss',
204 silly resolved     keywords: [ 'extend', 'merge', 'options', 'opts', 'object', 'array' ],
204 silly resolved     author: { name: 'Raynos', email: 'raynos2@gmail.com' },
204 silly resolved     repository: { type: 'git', url: 'git://github.com/Raynos/xtend.git' },
204 silly resolved     main: 'immutable',
204 silly resolved     scripts: { test: 'node test' },
204 silly resolved     dependencies: {},
204 silly resolved     devDependencies: { tape: '~1.1.0' },
204 silly resolved     homepage: 'https://github.com/Raynos/xtend',
204 silly resolved     contributors: [ [Object], [Object] ],
204 silly resolved     bugs:
204 silly resolved      { url: 'https://github.com/Raynos/xtend/issues',
204 silly resolved        email: 'raynos2@gmail.com' },
204 silly resolved     licenses: [ [Object] ],
204 silly resolved     testling: { files: 'test.js', browsers: [Object] },
204 silly resolved     engines: { node: '>=0.4' },
204 silly resolved     gitHead: '94a95d76154103290533b2c55ffa0fe4be16bfef',
204 silly resolved     _id: 'xtend@4.0.0',
204 silly resolved     _shasum: '8bc36ff87aedbe7ce9eaf0bca36b2354a743840f',
204 silly resolved     _from: 'xtend@>=4.0.0 <4.1.0-0',
204 silly resolved     _npmVersion: '1.4.15',
204 silly resolved     _npmUser: { name: 'raynos', email: 'raynos2@gmail.com' },
204 silly resolved     maintainers: [ [Object] ],
204 silly resolved     dist:
204 silly resolved      { shasum: '8bc36ff87aedbe7ce9eaf0bca36b2354a743840f',
204 silly resolved        tarball: 'http://registry.npmjs.org/xtend/-/xtend-4.0.0.tgz' },
204 silly resolved     directories: {},
204 silly resolved     _resolved: 'https://registry.npmjs.org/xtend/-/xtend-4.0.0.tgz',
204 silly resolved     readme: 'ERROR: No README data found!' } ]
205 info install readable-stream@1.0.33 into C:\Users\Yauheni\Desktop\gTable\object-table\node_modules\gulp-header\node_modules\through2
206 info install xtend@4.0.0 into C:\Users\Yauheni\Desktop\gTable\object-table\node_modules\gulp-header\node_modules\through2
207 info installOne readable-stream@1.0.33
208 info installOne xtend@4.0.0
209 verbose node_modules\gulp-header\node_modules\through2\node_modules\readable-stream unbuild
210 verbose node_modules\gulp-header\node_modules\through2\node_modules\xtend unbuild
211 verbose tar unpack C:\Users\Yauheni\AppData\Roaming\npm-cache\readable-stream\1.0.33\package.tgz
212 silly lockFile 98980f33-gh2-node-modules-readable-stream tar://C:\Users\Yauheni\Desktop\gTable\object-table\node_modules\gulp-header\node_modules\through2\node_modules\readable-stream
213 verbose lock tar://C:\Users\Yauheni\Desktop\gTable\object-table\node_modules\gulp-header\node_modules\through2\node_modules\readable-stream C:\Users\Yauheni\AppData\Roaming\npm-cache\98980f33-gh2-node-modules-readable-stream.lock
214 silly lockFile 2c171813-adable-stream-1-0-33-package-tgz tar://C:\Users\Yauheni\AppData\Roaming\npm-cache\readable-stream\1.0.33\package.tgz
215 verbose lock tar://C:\Users\Yauheni\AppData\Roaming\npm-cache\readable-stream\1.0.33\package.tgz C:\Users\Yauheni\AppData\Roaming\npm-cache\2c171813-adable-stream-1-0-33-package-tgz.lock
216 verbose tar unpack C:\Users\Yauheni\AppData\Roaming\npm-cache\xtend\4.0.0\package.tgz
217 silly lockFile c8bc5137-ules-through2-node-modules-xtend tar://C:\Users\Yauheni\Desktop\gTable\object-table\node_modules\gulp-header\node_modules\through2\node_modules\xtend
218 verbose lock tar://C:\Users\Yauheni\Desktop\gTable\object-table\node_modules\gulp-header\node_modules\through2\node_modules\xtend C:\Users\Yauheni\AppData\Roaming\npm-cache\c8bc5137-ules-through2-node-modules-xtend.lock
219 silly lockFile 0e1f18d6-pm-cache-xtend-4-0-0-package-tgz tar://C:\Users\Yauheni\AppData\Roaming\npm-cache\xtend\4.0.0\package.tgz
220 verbose lock tar://C:\Users\Yauheni\AppData\Roaming\npm-cache\xtend\4.0.0\package.tgz C:\Users\Yauheni\AppData\Roaming\npm-cache\0e1f18d6-pm-cache-xtend-4-0-0-package-tgz.lock
221 silly gunzTarPerm modes [ '777', '666' ]
222 silly gunzTarPerm modes [ '777', '666' ]
223 silly gunzTarPerm extractEntry package.json
224 silly gunzTarPerm modified mode [ 'package.json', 420, 438 ]
225 silly gunzTarPerm extractEntry package.json
226 silly gunzTarPerm modified mode [ 'package.json', 436, 438 ]
227 silly gunzTarPerm extractEntry .npmignore
228 silly gunzTarPerm modified mode [ '.npmignore', 420, 438 ]
229 silly gunzTarPerm extractEntry README.md
230 silly gunzTarPerm modified mode [ 'README.md', 420, 438 ]
231 silly gunzTarPerm extractEntry .npmignore
232 silly gunzTarPerm modified mode [ '.npmignore', 436, 438 ]
233 silly gunzTarPerm extractEntry README.md
234 silly gunzTarPerm modified mode [ 'README.md', 436, 438 ]
235 silly gunzTarPerm extractEntry LICENSE
236 silly gunzTarPerm modified mode [ 'LICENSE', 420, 438 ]
237 silly gunzTarPerm extractEntry duplex.js
238 silly gunzTarPerm modified mode [ 'duplex.js', 420, 438 ]
239 silly gunzTarPerm extractEntry LICENCE
240 silly gunzTarPerm modified mode [ 'LICENCE', 436, 438 ]
241 silly gunzTarPerm extractEntry immutable.js
242 silly gunzTarPerm modified mode [ 'immutable.js', 436, 438 ]
243 silly gunzTarPerm extractEntry writable.js
244 silly gunzTarPerm modified mode [ 'writable.js', 420, 438 ]
245 silly gunzTarPerm extractEntry passthrough.js
246 silly gunzTarPerm modified mode [ 'passthrough.js', 420, 438 ]
247 silly gunzTarPerm extractEntry mutable.js
248 silly gunzTarPerm modified mode [ 'mutable.js', 436, 438 ]
249 silly gunzTarPerm extractEntry test.js
250 silly gunzTarPerm modified mode [ 'test.js', 436, 438 ]
251 silly gunzTarPerm extractEntry .jshintrc
252 silly gunzTarPerm modified mode [ '.jshintrc', 436, 438 ]
253 silly gunzTarPerm extractEntry Makefile
254 silly gunzTarPerm modified mode [ 'Makefile', 436, 438 ]
255 silly gunzTarPerm extractEntry readable.js
256 silly gunzTarPerm modified mode [ 'readable.js', 420, 438 ]
257 silly gunzTarPerm extractEntry transform.js
258 silly gunzTarPerm modified mode [ 'transform.js', 420, 438 ]
259 silly gunzTarPerm extractEntry lib/_stream_duplex.js
260 silly gunzTarPerm modified mode [ 'lib/_stream_duplex.js', 420, 438 ]
261 silly gunzTarPerm extractEntry lib/_stream_passthrough.js
262 silly gunzTarPerm modified mode [ 'lib/_stream_passthrough.js', 420, 438 ]
263 silly gunzTarPerm extractEntry lib/_stream_readable.js
264 silly gunzTarPerm modified mode [ 'lib/_stream_readable.js', 420, 438 ]
265 silly gunzTarPerm extractEntry lib/_stream_transform.js
266 silly gunzTarPerm modified mode [ 'lib/_stream_transform.js', 420, 438 ]
267 silly gunzTarPerm extractEntry lib/_stream_writable.js
268 silly gunzTarPerm modified mode [ 'lib/_stream_writable.js', 420, 438 ]
269 silly lockFile c8bc5137-ules-through2-node-modules-xtend tar://C:\Users\Yauheni\Desktop\gTable\object-table\node_modules\gulp-header\node_modules\through2\node_modules\xtend
270 silly lockFile c8bc5137-ules-through2-node-modules-xtend tar://C:\Users\Yauheni\Desktop\gTable\object-table\node_modules\gulp-header\node_modules\through2\node_modules\xtend
271 silly lockFile 0e1f18d6-pm-cache-xtend-4-0-0-package-tgz tar://C:\Users\Yauheni\AppData\Roaming\npm-cache\xtend\4.0.0\package.tgz
272 silly lockFile 0e1f18d6-pm-cache-xtend-4-0-0-package-tgz tar://C:\Users\Yauheni\AppData\Roaming\npm-cache\xtend\4.0.0\package.tgz
273 info preinstall xtend@4.0.0
274 verbose readDependencies using package.json deps
275 verbose readDependencies using package.json deps
276 silly resolved []
277 verbose about to build C:\Users\Yauheni\Desktop\gTable\object-table\node_modules\gulp-header\node_modules\through2\node_modules\xtend
278 info build C:\Users\Yauheni\Desktop\gTable\object-table\node_modules\gulp-header\node_modules\through2\node_modules\xtend
279 verbose linkStuff [ false,
279 verbose linkStuff   false,
279 verbose linkStuff   false,
279 verbose linkStuff   'C:\\Users\\Yauheni\\Desktop\\gTable\\object-table\\node_modules\\gulp-header\\node_modules\\through2\\node_modules' ]
280 info linkStuff xtend@4.0.0
281 verbose linkBins xtend@4.0.0
282 verbose linkMans xtend@4.0.0
283 verbose rebuildBundles xtend@4.0.0
284 info install xtend@4.0.0
285 info postinstall xtend@4.0.0
286 silly lockFile 98980f33-gh2-node-modules-readable-stream tar://C:\Users\Yauheni\Desktop\gTable\object-table\node_modules\gulp-header\node_modules\through2\node_modules\readable-stream
287 silly lockFile 98980f33-gh2-node-modules-readable-stream tar://C:\Users\Yauheni\Desktop\gTable\object-table\node_modules\gulp-header\node_modules\through2\node_modules\readable-stream
288 silly lockFile 2c171813-adable-stream-1-0-33-package-tgz tar://C:\Users\Yauheni\AppData\Roaming\npm-cache\readable-stream\1.0.33\package.tgz
289 silly lockFile 2c171813-adable-stream-1-0-33-package-tgz tar://C:\Users\Yauheni\AppData\Roaming\npm-cache\readable-stream\1.0.33\package.tgz
290 info preinstall readable-stream@1.0.33
291 verbose readDependencies using package.json deps
292 verbose readDependencies using package.json deps
293 verbose cache add [ 'core-util-is@~1.0.0', null ]
294 verbose cache add name=undefined spec="core-util-is@~1.0.0" args=["core-util-is@~1.0.0",null]
295 verbose parsed url { protocol: null,
295 verbose parsed url   slashes: null,
295 verbose parsed url   auth: null,
295 verbose parsed url   host: null,
295 verbose parsed url   port: null,
295 verbose parsed url   hostname: null,
295 verbose parsed url   hash: null,
295 verbose parsed url   search: null,
295 verbose parsed url   query: null,
295 verbose parsed url   pathname: 'core-util-is@~1.0.0',
295 verbose parsed url   path: 'core-util-is@~1.0.0',
295 verbose parsed url   href: 'core-util-is@~1.0.0' }
296 verbose cache add [ 'isarray@0.0.1', null ]
297 verbose cache add name=undefined spec="isarray@0.0.1" args=["isarray@0.0.1",null]
298 verbose parsed url { protocol: null,
298 verbose parsed url   slashes: null,
298 verbose parsed url   auth: null,
298 verbose parsed url   host: null,
298 verbose parsed url   port: null,
298 verbose parsed url   hostname: null,
298 verbose parsed url   hash: null,
298 verbose parsed url   search: null,
298 verbose parsed url   query: null,
298 verbose parsed url   pathname: 'isarray@0.0.1',
298 verbose parsed url   path: 'isarray@0.0.1',
298 verbose parsed url   href: 'isarray@0.0.1' }
299 verbose cache add [ 'string_decoder@~0.10.x', null ]
300 verbose cache add name=undefined spec="string_decoder@~0.10.x" args=["string_decoder@~0.10.x",null]
301 verbose parsed url { protocol: null,
301 verbose parsed url   slashes: null,
301 verbose parsed url   auth: null,
301 verbose parsed url   host: null,
301 verbose parsed url   port: null,
301 verbose parsed url   hostname: null,
301 verbose parsed url   hash: null,
301 verbose parsed url   search: null,
301 verbose parsed url   query: null,
301 verbose parsed url   pathname: 'string_decoder@~0.10.x',
301 verbose parsed url   path: 'string_decoder@~0.10.x',
301 verbose parsed url   href: 'string_decoder@~0.10.x' }
302 verbose cache add [ 'inherits@~2.0.1', null ]
303 verbose cache add name=undefined spec="inherits@~2.0.1" args=["inherits@~2.0.1",null]
304 verbose parsed url { protocol: null,
304 verbose parsed url   slashes: null,
304 verbose parsed url   auth: null,
304 verbose parsed url   host: null,
304 verbose parsed url   port: null,
304 verbose parsed url   hostname: null,
304 verbose parsed url   hash: null,
304 verbose parsed url   search: null,
304 verbose parsed url   query: null,
304 verbose parsed url   pathname: 'inherits@~2.0.1',
304 verbose parsed url   path: 'inherits@~2.0.1',
304 verbose parsed url   href: 'inherits@~2.0.1' }
305 verbose cache add name="core-util-is" spec="~1.0.0" args=["core-util-is","~1.0.0"]
306 verbose parsed url { protocol: null,
306 verbose parsed url   slashes: null,
306 verbose parsed url   auth: null,
306 verbose parsed url   host: null,
306 verbose parsed url   port: null,
306 verbose parsed url   hostname: null,
306 verbose parsed url   hash: null,
306 verbose parsed url   search: null,
306 verbose parsed url   query: null,
306 verbose parsed url   pathname: '~1.0.0',
306 verbose parsed url   path: '~1.0.0',
306 verbose parsed url   href: '~1.0.0' }
307 verbose addNamed [ 'core-util-is', '~1.0.0' ]
308 verbose addNamed [ null, '>=1.0.0-0 <1.1.0-0' ]
309 silly lockFile 577b60c4-core-util-is-1-0-0 core-util-is@~1.0.0
310 verbose lock core-util-is@~1.0.0 C:\Users\Yauheni\AppData\Roaming\npm-cache\577b60c4-core-util-is-1-0-0.lock
311 verbose cache add name="isarray" spec="0.0.1" args=["isarray","0.0.1"]
312 verbose parsed url { protocol: null,
312 verbose parsed url   slashes: null,
312 verbose parsed url   auth: null,
312 verbose parsed url   host: null,
312 verbose parsed url   port: null,
312 verbose parsed url   hostname: null,
312 verbose parsed url   hash: null,
312 verbose parsed url   search: null,
312 verbose parsed url   query: null,
312 verbose parsed url   pathname: '0.0.1',
312 verbose parsed url   path: '0.0.1',
312 verbose parsed url   href: '0.0.1' }
313 verbose addNamed [ 'isarray', '0.0.1' ]
314 verbose addNamed [ '0.0.1', '0.0.1' ]
315 silly lockFile 9efe11b1-isarray-0-0-1 isarray@0.0.1
316 verbose lock isarray@0.0.1 C:\Users\Yauheni\AppData\Roaming\npm-cache\9efe11b1-isarray-0-0-1.lock
317 verbose cache add name="string_decoder" spec="~0.10.x" args=["string_decoder","~0.10.x"]
318 verbose parsed url { protocol: null,
318 verbose parsed url   slashes: null,
318 verbose parsed url   auth: null,
318 verbose parsed url   host: null,
318 verbose parsed url   port: null,
318 verbose parsed url   hostname: null,
318 verbose parsed url   hash: null,
318 verbose parsed url   search: null,
318 verbose parsed url   query: null,
318 verbose parsed url   pathname: '~0.10.x',
318 verbose parsed url   path: '~0.10.x',
318 verbose parsed url   href: '~0.10.x' }
319 verbose addNamed [ 'string_decoder', '~0.10.x' ]
320 verbose addNamed [ null, '>=0.10.0-0 <0.11.0-0' ]
321 silly lockFile 8f75c97d-string-decoder-0-10-x string_decoder@~0.10.x
322 verbose lock string_decoder@~0.10.x C:\Users\Yauheni\AppData\Roaming\npm-cache\8f75c97d-string-decoder-0-10-x.lock
323 verbose cache add name="inherits" spec="~2.0.1" args=["inherits","~2.0.1"]
324 verbose parsed url { protocol: null,
324 verbose parsed url   slashes: null,
324 verbose parsed url   auth: null,
324 verbose parsed url   host: null,
324 verbose parsed url   port: null,
324 verbose parsed url   hostname: null,
324 verbose parsed url   hash: null,
324 verbose parsed url   search: null,
324 verbose parsed url   query: null,
324 verbose parsed url   pathname: '~2.0.1',
324 verbose parsed url   path: '~2.0.1',
324 verbose parsed url   href: '~2.0.1' }
325 verbose addNamed [ 'inherits', '~2.0.1' ]
326 verbose addNamed [ null, '>=2.0.1-0 <2.1.0-0' ]
327 silly lockFile 098ef39f-inherits-2-0-1 inherits@~2.0.1
328 verbose lock inherits@~2.0.1 C:\Users\Yauheni\AppData\Roaming\npm-cache\098ef39f-inherits-2-0-1.lock
329 silly addNameRange { name: 'core-util-is',
329 silly addNameRange   range: '>=1.0.0-0 <1.1.0-0',
329 silly addNameRange   hasData: false }
330 silly addNameRange { name: 'string_decoder',
330 silly addNameRange   range: '>=0.10.0-0 <0.11.0-0',
330 silly addNameRange   hasData: false }
331 silly addNameRange { name: 'inherits', range: '>=2.0.1-0 <2.1.0-0', hasData: false }
332 verbose registry.get https://registry.npmjs.org/core-util-is not expired, no request
333 silly addNameRange number 2 { name: 'core-util-is',
333 silly addNameRange   range: '>=1.0.0-0 <1.1.0-0',
333 silly addNameRange   hasData: true }
334 silly addNameRange versions [ 'core-util-is', [ '1.0.0', '1.0.1' ] ]
335 verbose addNamed [ 'core-util-is', '1.0.1' ]
336 verbose addNamed [ '1.0.1', '1.0.1' ]
337 silly lockFile 40ef24cf-core-util-is-1-0-1 core-util-is@1.0.1
338 verbose lock core-util-is@1.0.1 C:\Users\Yauheni\AppData\Roaming\npm-cache\40ef24cf-core-util-is-1-0-1.lock
339 verbose registry.get https://registry.npmjs.org/isarray not expired, no request
340 verbose registry.get https://registry.npmjs.org/string_decoder not expired, no request
341 silly addNameRange number 2 { name: 'string_decoder',
341 silly addNameRange   range: '>=0.10.0-0 <0.11.0-0',
341 silly addNameRange   hasData: true }
342 silly addNameRange versions [ 'string_decoder',
342 silly addNameRange   [ '0.0.0',
342 silly addNameRange     '0.0.1',
342 silly addNameRange     '0.10.24',
342 silly addNameRange     '0.11.10',
342 silly addNameRange     '0.10.25',
342 silly addNameRange     '0.11.10-1',
342 silly addNameRange     '0.10.25-1',
342 silly addNameRange     '0.10.31' ] ]
343 verbose addNamed [ 'string_decoder', '0.10.31' ]
344 verbose addNamed [ '0.10.31', '0.10.31' ]
345 silly lockFile 0a9a4818-string-decoder-0-10-31 string_decoder@0.10.31
346 verbose lock string_decoder@0.10.31 C:\Users\Yauheni\AppData\Roaming\npm-cache\0a9a4818-string-decoder-0-10-31.lock
347 verbose registry.get https://registry.npmjs.org/inherits not expired, no request
348 silly addNameRange number 2 { name: 'inherits', range: '>=2.0.1-0 <2.1.0-0', hasData: true }
349 silly addNameRange versions [ 'inherits', [ '1.0.0', '2.0.0', '2.0.1' ] ]
350 verbose addNamed [ 'inherits', '2.0.1' ]
351 verbose addNamed [ '2.0.1', '2.0.1' ]
352 silly lockFile 2b2e8f1b-inherits-2-0-1 inherits@2.0.1
353 verbose lock inherits@2.0.1 C:\Users\Yauheni\AppData\Roaming\npm-cache\2b2e8f1b-inherits-2-0-1.lock
354 silly lockFile 9efe11b1-isarray-0-0-1 isarray@0.0.1
355 silly lockFile 9efe11b1-isarray-0-0-1 isarray@0.0.1
356 silly lockFile 40ef24cf-core-util-is-1-0-1 core-util-is@1.0.1
357 silly lockFile 40ef24cf-core-util-is-1-0-1 core-util-is@1.0.1
358 silly lockFile 0a9a4818-string-decoder-0-10-31 string_decoder@0.10.31
359 silly lockFile 0a9a4818-string-decoder-0-10-31 string_decoder@0.10.31
360 silly lockFile 577b60c4-core-util-is-1-0-0 core-util-is@~1.0.0
361 silly lockFile 577b60c4-core-util-is-1-0-0 core-util-is@~1.0.0
362 silly lockFile 2b2e8f1b-inherits-2-0-1 inherits@2.0.1
363 silly lockFile 2b2e8f1b-inherits-2-0-1 inherits@2.0.1
364 silly lockFile 8f75c97d-string-decoder-0-10-x string_decoder@~0.10.x
365 silly lockFile 8f75c97d-string-decoder-0-10-x string_decoder@~0.10.x
366 silly lockFile 098ef39f-inherits-2-0-1 inherits@~2.0.1
367 silly lockFile 098ef39f-inherits-2-0-1 inherits@~2.0.1
368 silly resolved [ { name: 'isarray',
368 silly resolved     description: 'Array#isArray for older browsers',
368 silly resolved     version: '0.0.1',
368 silly resolved     repository:
368 silly resolved      { type: 'git',
368 silly resolved        url: 'git://github.com/juliangruber/isarray.git' },
368 silly resolved     homepage: 'https://github.com/juliangruber/isarray',
368 silly resolved     main: 'index.js',
368 silly resolved     scripts: { test: 'tap test/*.js' },
368 silly resolved     dependencies: {},
368 silly resolved     devDependencies: { tap: '*' },
368 silly resolved     keywords: [ 'browser', 'isarray', 'array' ],
368 silly resolved     author:
368 silly resolved      { name: 'Julian Gruber',
368 silly resolved        email: 'mail@juliangruber.com',
368 silly resolved        url: 'http://juliangruber.com' },
368 silly resolved     license: 'MIT',
368 silly resolved     _id: 'isarray@0.0.1',
368 silly resolved     dist:
368 silly resolved      { shasum: '8a18acfca9a8f4177e09abfc6038939b05d1eedf',
368 silly resolved        tarball: 'http://registry.npmjs.org/isarray/-/isarray-0.0.1.tgz' },
368 silly resolved     _from: 'isarray@0.0.1',
368 silly resolved     _npmVersion: '1.2.18',
368 silly resolved     _npmUser: { name: 'juliangruber', email: 'julian@juliangruber.com' },
368 silly resolved     maintainers: [ [Object] ],
368 silly resolved     directories: {},
368 silly resolved     _shasum: '8a18acfca9a8f4177e09abfc6038939b05d1eedf',
368 silly resolved     _resolved: 'https://registry.npmjs.org/isarray/-/isarray-0.0.1.tgz',
368 silly resolved     bugs: { url: 'https://github.com/juliangruber/isarray/issues' },
368 silly resolved     readme: 'ERROR: No README data found!' },
368 silly resolved   { name: 'core-util-is',
368 silly resolved     version: '1.0.1',
368 silly resolved     description: 'The `util.is*` functions introduced in Node v0.12.',
368 silly resolved     main: 'lib/util.js',
368 silly resolved     repository: { type: 'git', url: 'git://github.com/isaacs/core-util-is' },
368 silly resolved     keywords:
368 silly resolved      [ 'util',
368 silly resolved        'isBuffer',
368 silly resolved        'isArray',
368 silly resolved        'isNumber',
368 silly resolved        'isString',
368 silly resolved        'isRegExp',
368 silly resolved        'isThis',
368 silly resolved        'isThat',
368 silly resolved        'polyfill' ],
368 silly resolved     author:
368 silly resolved      { name: 'Isaac Z. Schlueter',
368 silly resolved        email: 'i@izs.me',
368 silly resolved        url: 'http://blog.izs.me/' },
368 silly resolved     license: 'MIT',
368 silly resolved     bugs: { url: 'https://github.com/isaacs/core-util-is/issues' },
368 silly resolved     readme: '# core-util-is\n\nThe `util.is*` functions introduced in Node v0.12.\n',
368 silly resolved     readmeFilename: 'README.md',
368 silly resolved     homepage: 'https://github.com/isaacs/core-util-is',
368 silly resolved     _id: 'core-util-is@1.0.1',
368 silly resolved     dist:
368 silly resolved      { shasum: '6b07085aef9a3ccac6ee53bf9d3df0c1521a5538',
368 silly resolved        tarball: 'http://registry.npmjs.org/core-util-is/-/core-util-is-1.0.1.tgz' },
368 silly resolved     _from: 'core-util-is@~1.0.0',
368 silly resolved     _npmVersion: '1.3.23',
368 silly resolved     _npmUser: { name: 'isaacs', email: 'i@izs.me' },
368 silly resolved     maintainers: [ [Object] ],
368 silly resolved     directories: {},
368 silly resolved     _shasum: '6b07085aef9a3ccac6ee53bf9d3df0c1521a5538',
368 silly resolved     _resolved: 'https://registry.npmjs.org/core-util-is/-/core-util-is-1.0.1.tgz',
368 silly resolved     scripts: {} },
368 silly resolved   { name: 'string_decoder',
368 silly resolved     version: '0.10.31',
368 silly resolved     description: 'The string_decoder module from Node core',
368 silly resolved     main: 'index.js',
368 silly resolved     dependencies: {},
368 silly resolved     devDependencies: { tap: '~0.4.8' },
368 silly resolved     scripts: { test: 'tap test/simple/*.js' },
368 silly resolved     repository:
368 silly resolved      { type: 'git',
368 silly resolved        url: 'git://github.com/rvagg/string_decoder.git' },
368 silly resolved     homepage: 'https://github.com/rvagg/string_decoder',
368 silly resolved     keywords: [ 'string', 'decoder', 'browser', 'browserify' ],
368 silly resolved     license: 'MIT',
368 silly resolved     gitHead: 'd46d4fd87cf1d06e031c23f1ba170ca7d4ade9a0',
368 silly resolved     bugs: { url: 'https://github.com/rvagg/string_decoder/issues' },
368 silly resolved     _id: 'string_decoder@0.10.31',
368 silly resolved     _shasum: '62e203bc41766c6c28c9fc84301dab1c5310fa94',
368 silly resolved     _from: 'string_decoder@~0.10.x',
368 silly resolved     _npmVersion: '1.4.23',
368 silly resolved     _npmUser: { name: 'rvagg', email: 'rod@vagg.org' },
368 silly resolved     maintainers: [ [Object], [Object] ],
368 silly resolved     dist:
368 silly resolved      { shasum: '62e203bc41766c6c28c9fc84301dab1c5310fa94',
368 silly resolved        tarball: 'http://registry.npmjs.org/string_decoder/-/string_decoder-0.10.31.tgz' },
368 silly resolved     directories: {},
368 silly resolved     _resolved: 'https://registry.npmjs.org/string_decoder/-/string_decoder-0.10.31.tgz',
368 silly resolved     readme: 'ERROR: No README data found!' },
368 silly resolved   { name: 'inherits',
368 silly resolved     description: 'Browser-friendly inheritance fully compatible with standard node.js inherits()',
368 silly resolved     version: '2.0.1',
368 silly resolved     keywords:
368 silly resolved      [ 'inheritance',
368 silly resolved        'class',
368 silly resolved        'klass',
368 silly resolved        'oop',
368 silly resolved        'object-oriented',
368 silly resolved        'inherits',
368 silly resolved        'browser',
368 silly resolved        'browserify' ],
368 silly resolved     main: './inherits.js',
368 silly resolved     browser: './inherits_browser.js',
368 silly resolved     repository: { type: 'git', url: 'git://github.com/isaacs/inherits' },
368 silly resolved     license: 'ISC',
368 silly resolved     scripts: { test: 'node test' },
368 silly resolved     readme: 'Browser-friendly inheritance fully compatible with standard node.js\n[inherits](http://nodejs.org/api/util.html#util_util_inherits_constructor_superconstructor).\n\nThis package exports standard `inherits` from node.js `util` module in\nnode environment, but also provides alternative browser-friendly\nimplementation through [browser\nfield](https://gist.github.com/shtylman/4339901). Alternative\nimplementation is a literal copy of standard one located in standalone\nmodule to avoid requiring of `util`. It also has a shim for old\nbrowsers with no `Object.create` support.\n\nWhile keeping you sure you are using standard `inherits`\nimplementation in node.js environment, it allows bundlers such as\n[browserify](https://github.com/substack/node-browserify) to not\ninclude full `util` package to your client code if all you need is\njust `inherits` function. It worth, because browser shim for `util`\npackage is large and `inherits` is often the single function you need\nfrom it.\n\nIt\'s recommended to use this package instead of\n`require(\'util\').inherits` for any code that has chances to be used\nnot only in node.js but in browser too.\n\n## usage\n\n```js\nvar inherits = require(\'inherits\');\n// then use exactly as the standard one\n```\n\n## note on version ~1.0\n\nVersion ~1.0 had completely different motivation and is not compatible\nneither with 2.0 nor with standard node.js `inherits`.\n\nIf you are using version ~1.0 and planning to switch to ~2.0, be\ncareful:\n\n* new version uses `super_` instead of `super` for referencing\n  superclass\n* new version overwrites current prototype while old one preserves any\n  existing fields on it\n',
368 silly resolved     readmeFilename: 'README.md',
368 silly resolved     bugs: { url: 'https://github.com/isaacs/inherits/issues' },
368 silly resolved     _id: 'inherits@2.0.1',
368 silly resolved     dist:
368 silly resolved      { shasum: 'b17d08d326b4423e568eff719f91b0b1cbdf69f1',
368 silly resolved        tarball: 'http://registry.npmjs.org/inherits/-/inherits-2.0.1.tgz' },
368 silly resolved     _from: 'inherits@~2.0.1',
368 silly resolved     _npmVersion: '1.3.8',
368 silly resolved     _npmUser: { name: 'isaacs', email: 'i@izs.me' },
368 silly resolved     maintainers: [ [Object] ],
368 silly resolved     directories: {},
368 silly resolved     _shasum: 'b17d08d326b4423e568eff719f91b0b1cbdf69f1',
368 silly resolved     _resolved: 'https://registry.npmjs.org/inherits/-/inherits-2.0.1.tgz',
368 silly resolved     homepage: 'https://github.com/isaacs/inherits' } ]
369 info install isarray@0.0.1 into C:\Users\Yauheni\Desktop\gTable\object-table\node_modules\gulp-header\node_modules\through2\node_modules\readable-stream
370 info install core-util-is@1.0.1 into C:\Users\Yauheni\Desktop\gTable\object-table\node_modules\gulp-header\node_modules\through2\node_modules\readable-stream
371 info install string_decoder@0.10.31 into C:\Users\Yauheni\Desktop\gTable\object-table\node_modules\gulp-header\node_modules\through2\node_modules\readable-stream
372 info install inherits@2.0.1 into C:\Users\Yauheni\Desktop\gTable\object-table\node_modules\gulp-header\node_modules\through2\node_modules\readable-stream
373 info installOne isarray@0.0.1
374 info installOne core-util-is@1.0.1
375 info installOne string_decoder@0.10.31
376 info installOne inherits@2.0.1
377 verbose node_modules\gulp-header\node_modules\through2\node_modules\readable-stream\node_modules\isarray unbuild
378 verbose node_modules\gulp-header\node_modules\through2\node_modules\readable-stream\node_modules\core-util-is unbuild
379 verbose node_modules\gulp-header\node_modules\through2\node_modules\readable-stream\node_modules\string_decoder unbuild
380 verbose node_modules\gulp-header\node_modules\through2\node_modules\readable-stream\node_modules\inherits unbuild
381 verbose tar unpack C:\Users\Yauheni\AppData\Roaming\npm-cache\isarray\0.0.1\package.tgz
382 silly lockFile e7bbbfe6-able-stream-node-modules-isarray tar://C:\Users\Yauheni\Desktop\gTable\object-table\node_modules\gulp-header\node_modules\through2\node_modules\readable-stream\node_modules\isarray
383 verbose lock tar://C:\Users\Yauheni\Desktop\gTable\object-table\node_modules\gulp-header\node_modules\through2\node_modules\readable-stream\node_modules\isarray C:\Users\Yauheni\AppData\Roaming\npm-cache\e7bbbfe6-able-stream-node-modules-isarray.lock
384 silly lockFile 83c50806--cache-isarray-0-0-1-package-tgz tar://C:\Users\Yauheni\AppData\Roaming\npm-cache\isarray\0.0.1\package.tgz
385 verbose lock tar://C:\Users\Yauheni\AppData\Roaming\npm-cache\isarray\0.0.1\package.tgz C:\Users\Yauheni\AppData\Roaming\npm-cache\83c50806--cache-isarray-0-0-1-package-tgz.lock
386 verbose tar unpack C:\Users\Yauheni\AppData\Roaming\npm-cache\core-util-is\1.0.1\package.tgz
387 silly lockFile 490cbdf6-stream-node-modules-core-util-is tar://C:\Users\Yauheni\Desktop\gTable\object-table\node_modules\gulp-header\node_modules\through2\node_modules\readable-stream\node_modules\core-util-is
388 verbose lock tar://C:\Users\Yauheni\Desktop\gTable\object-table\node_modules\gulp-header\node_modules\through2\node_modules\readable-stream\node_modules\core-util-is C:\Users\Yauheni\AppData\Roaming\npm-cache\490cbdf6-stream-node-modules-core-util-is.lock
389 silly lockFile a15afc4c-e-core-util-is-1-0-1-package-tgz tar://C:\Users\Yauheni\AppData\Roaming\npm-cache\core-util-is\1.0.1\package.tgz
390 verbose lock tar://C:\Users\Yauheni\AppData\Roaming\npm-cache\core-util-is\1.0.1\package.tgz C:\Users\Yauheni\AppData\Roaming\npm-cache\a15afc4c-e-core-util-is-1-0-1-package-tgz.lock
391 verbose tar unpack C:\Users\Yauheni\AppData\Roaming\npm-cache\string_decoder\0.10.31\package.tgz
392 silly lockFile ea676656-ream-node-modules-string-decoder tar://C:\Users\Yauheni\Desktop\gTable\object-table\node_modules\gulp-header\node_modules\through2\node_modules\readable-stream\node_modules\string_decoder
393 verbose lock tar://C:\Users\Yauheni\Desktop\gTable\object-table\node_modules\gulp-header\node_modules\through2\node_modules\readable-stream\node_modules\string_decoder C:\Users\Yauheni\AppData\Roaming\npm-cache\ea676656-ream-node-modules-string-decoder.lock
394 silly lockFile 36e0c218-ring-decoder-0-10-31-package-tgz tar://C:\Users\Yauheni\AppData\Roaming\npm-cache\string_decoder\0.10.31\package.tgz
395 verbose lock tar://C:\Users\Yauheni\AppData\Roaming\npm-cache\string_decoder\0.10.31\package.tgz C:\Users\Yauheni\AppData\Roaming\npm-cache\36e0c218-ring-decoder-0-10-31-package-tgz.lock
396 verbose tar unpack C:\Users\Yauheni\AppData\Roaming\npm-cache\inherits\2.0.1\package.tgz
397 silly lockFile 619962ce-ble-stream-node-modules-inherits tar://C:\Users\Yauheni\Desktop\gTable\object-table\node_modules\gulp-header\node_modules\through2\node_modules\readable-stream\node_modules\inherits
398 verbose lock tar://C:\Users\Yauheni\Desktop\gTable\object-table\node_modules\gulp-header\node_modules\through2\node_modules\readable-stream\node_modules\inherits C:\Users\Yauheni\AppData\Roaming\npm-cache\619962ce-ble-stream-node-modules-inherits.lock
399 silly lockFile 64810eb4-cache-inherits-2-0-1-package-tgz tar://C:\Users\Yauheni\AppData\Roaming\npm-cache\inherits\2.0.1\package.tgz
400 verbose lock tar://C:\Users\Yauheni\AppData\Roaming\npm-cache\inherits\2.0.1\package.tgz C:\Users\Yauheni\AppData\Roaming\npm-cache\64810eb4-cache-inherits-2-0-1-package-tgz.lock
401 silly gunzTarPerm modes [ '777', '666' ]
402 silly gunzTarPerm modes [ '777', '666' ]
403 silly gunzTarPerm modes [ '777', '666' ]
404 silly gunzTarPerm modes [ '777', '666' ]
405 silly gunzTarPerm extractEntry package.json
406 silly gunzTarPerm modified mode [ 'package.json', 420, 438 ]
407 silly gunzTarPerm extractEntry package.json
408 silly gunzTarPerm modified mode [ 'package.json', 420, 438 ]
409 silly gunzTarPerm extractEntry package.json
410 silly gunzTarPerm modified mode [ 'package.json', 420, 438 ]
411 silly gunzTarPerm extractEntry package.json
412 silly gunzTarPerm modified mode [ 'package.json', 436, 438 ]
413 silly gunzTarPerm extractEntry README.md
414 silly gunzTarPerm modified mode [ 'README.md', 420, 438 ]
415 silly gunzTarPerm extractEntry util.js
416 silly gunzTarPerm modified mode [ 'util.js', 420, 438 ]
417 silly gunzTarPerm extractEntry README.md
418 silly gunzTarPerm modified mode [ 'README.md', 420, 438 ]
419 silly gunzTarPerm extractEntry LICENSE
420 silly gunzTarPerm modified mode [ 'LICENSE', 420, 438 ]
421 silly gunzTarPerm extractEntry .npmignore
422 silly gunzTarPerm modified mode [ '.npmignore', 436, 438 ]
423 silly gunzTarPerm extractEntry README.md
424 silly gunzTarPerm modified mode [ 'README.md', 436, 438 ]
425 silly gunzTarPerm extractEntry README.md
426 silly gunzTarPerm modified mode [ 'README.md', 420, 438 ]
427 silly gunzTarPerm extractEntry index.js
428 silly gunzTarPerm modified mode [ 'index.js', 420, 438 ]
429 silly gunzTarPerm extractEntry float.patch
430 silly gunzTarPerm modified mode [ 'float.patch', 420, 438 ]
431 silly gunzTarPerm extractEntry lib/util.js
432 silly gunzTarPerm modified mode [ 'lib/util.js', 420, 438 ]
433 silly gunzTarPerm extractEntry inherits.js
434 silly gunzTarPerm modified mode [ 'inherits.js', 420, 438 ]
435 silly gunzTarPerm extractEntry inherits_browser.js
436 silly gunzTarPerm modified mode [ 'inherits_browser.js', 420, 438 ]
437 silly gunzTarPerm extractEntry LICENSE
438 silly gunzTarPerm modified mode [ 'LICENSE', 436, 438 ]
439 silly gunzTarPerm extractEntry index.js
440 silly gunzTarPerm modified mode [ 'index.js', 436, 438 ]
441 silly gunzTarPerm extractEntry build/build.js
442 silly gunzTarPerm modified mode [ 'build/build.js', 420, 438 ]
443 silly gunzTarPerm extractEntry component.json
444 silly gunzTarPerm modified mode [ 'component.json', 420, 438 ]
445 silly gunzTarPerm extractEntry test.js
446 silly gunzTarPerm modified mode [ 'test.js', 420, 438 ]
447 silly lockFile e7bbbfe6-able-stream-node-modules-isarray tar://C:\Users\Yauheni\Desktop\gTable\object-table\node_modules\gulp-header\node_modules\through2\node_modules\readable-stream\node_modules\isarray
448 silly lockFile e7bbbfe6-able-stream-node-modules-isarray tar://C:\Users\Yauheni\Desktop\gTable\object-table\node_modules\gulp-header\node_modules\through2\node_modules\readable-stream\node_modules\isarray
449 silly lockFile 83c50806--cache-isarray-0-0-1-package-tgz tar://C:\Users\Yauheni\AppData\Roaming\npm-cache\isarray\0.0.1\package.tgz
450 silly lockFile 83c50806--cache-isarray-0-0-1-package-tgz tar://C:\Users\Yauheni\AppData\Roaming\npm-cache\isarray\0.0.1\package.tgz
451 silly lockFile 619962ce-ble-stream-node-modules-inherits tar://C:\Users\Yauheni\Desktop\gTable\object-table\node_modules\gulp-header\node_modules\through2\node_modules\readable-stream\node_modules\inherits
452 silly lockFile 619962ce-ble-stream-node-modules-inherits tar://C:\Users\Yauheni\Desktop\gTable\object-table\node_modules\gulp-header\node_modules\through2\node_modules\readable-stream\node_modules\inherits
453 info preinstall isarray@0.0.1
454 silly lockFile 64810eb4-cache-inherits-2-0-1-package-tgz tar://C:\Users\Yauheni\AppData\Roaming\npm-cache\inherits\2.0.1\package.tgz
455 silly lockFile 64810eb4-cache-inherits-2-0-1-package-tgz tar://C:\Users\Yauheni\AppData\Roaming\npm-cache\inherits\2.0.1\package.tgz
456 silly lockFile ea676656-ream-node-modules-string-decoder tar://C:\Users\Yauheni\Desktop\gTable\object-table\node_modules\gulp-header\node_modules\through2\node_modules\readable-stream\node_modules\string_decoder
457 silly lockFile ea676656-ream-node-modules-string-decoder tar://C:\Users\Yauheni\Desktop\gTable\object-table\node_modules\gulp-header\node_modules\through2\node_modules\readable-stream\node_modules\string_decoder
458 verbose readDependencies using package.json deps
459 silly lockFile 36e0c218-ring-decoder-0-10-31-package-tgz tar://C:\Users\Yauheni\AppData\Roaming\npm-cache\string_decoder\0.10.31\package.tgz
460 silly lockFile 36e0c218-ring-decoder-0-10-31-package-tgz tar://C:\Users\Yauheni\AppData\Roaming\npm-cache\string_decoder\0.10.31\package.tgz
461 verbose readDependencies using package.json deps
462 silly resolved []
463 verbose about to build C:\Users\Yauheni\Desktop\gTable\object-table\node_modules\gulp-header\node_modules\through2\node_modules\readable-stream\node_modules\isarray
464 info build C:\Users\Yauheni\Desktop\gTable\object-table\node_modules\gulp-header\node_modules\through2\node_modules\readable-stream\node_modules\isarray
465 verbose linkStuff [ false,
465 verbose linkStuff   false,
465 verbose linkStuff   false,
465 verbose linkStuff   'C:\\Users\\Yauheni\\Desktop\\gTable\\object-table\\node_modules\\gulp-header\\node_modules\\through2\\node_modules\\readable-stream\\node_modules' ]
466 info linkStuff isarray@0.0.1
467 verbose linkBins isarray@0.0.1
468 verbose linkMans isarray@0.0.1
469 verbose rebuildBundles isarray@0.0.1
470 silly lockFile 490cbdf6-stream-node-modules-core-util-is tar://C:\Users\Yauheni\Desktop\gTable\object-table\node_modules\gulp-header\node_modules\through2\node_modules\readable-stream\node_modules\core-util-is
471 silly lockFile 490cbdf6-stream-node-modules-core-util-is tar://C:\Users\Yauheni\Desktop\gTable\object-table\node_modules\gulp-header\node_modules\through2\node_modules\readable-stream\node_modules\core-util-is
472 info install isarray@0.0.1
473 info preinstall inherits@2.0.1
474 silly lockFile a15afc4c-e-core-util-is-1-0-1-package-tgz tar://C:\Users\Yauheni\AppData\Roaming\npm-cache\core-util-is\1.0.1\package.tgz
475 silly lockFile a15afc4c-e-core-util-is-1-0-1-package-tgz tar://C:\Users\Yauheni\AppData\Roaming\npm-cache\core-util-is\1.0.1\package.tgz
476 info postinstall isarray@0.0.1
477 info preinstall string_decoder@0.10.31
478 verbose readDependencies using package.json deps
479 verbose readDependencies using package.json deps
480 silly resolved []
481 verbose about to build C:\Users\Yauheni\Desktop\gTable\object-table\node_modules\gulp-header\node_modules\through2\node_modules\readable-stream\node_modules\inherits
482 info build C:\Users\Yauheni\Desktop\gTable\object-table\node_modules\gulp-header\node_modules\through2\node_modules\readable-stream\node_modules\inherits
483 verbose linkStuff [ false,
483 verbose linkStuff   false,
483 verbose linkStuff   false,
483 verbose linkStuff   'C:\\Users\\Yauheni\\Desktop\\gTable\\object-table\\node_modules\\gulp-header\\node_modules\\through2\\node_modules\\readable-stream\\node_modules' ]
484 info linkStuff inherits@2.0.1
485 verbose linkBins inherits@2.0.1
486 verbose linkMans inherits@2.0.1
487 verbose rebuildBundles inherits@2.0.1
488 info preinstall core-util-is@1.0.1
489 info install inherits@2.0.1
490 verbose readDependencies using package.json deps
491 verbose readDependencies using package.json deps
492 silly resolved []
493 verbose about to build C:\Users\Yauheni\Desktop\gTable\object-table\node_modules\gulp-header\node_modules\through2\node_modules\readable-stream\node_modules\string_decoder
494 info build C:\Users\Yauheni\Desktop\gTable\object-table\node_modules\gulp-header\node_modules\through2\node_modules\readable-stream\node_modules\string_decoder
495 verbose linkStuff [ false,
495 verbose linkStuff   false,
495 verbose linkStuff   false,
495 verbose linkStuff   'C:\\Users\\Yauheni\\Desktop\\gTable\\object-table\\node_modules\\gulp-header\\node_modules\\through2\\node_modules\\readable-stream\\node_modules' ]
496 info linkStuff string_decoder@0.10.31
497 verbose linkBins string_decoder@0.10.31
498 verbose linkMans string_decoder@0.10.31
499 verbose rebuildBundles string_decoder@0.10.31
500 info postinstall inherits@2.0.1
501 info install string_decoder@0.10.31
502 verbose readDependencies using package.json deps
503 verbose readDependencies using package.json deps
504 silly resolved []
505 verbose about to build C:\Users\Yauheni\Desktop\gTable\object-table\node_modules\gulp-header\node_modules\through2\node_modules\readable-stream\node_modules\core-util-is
506 info build C:\Users\Yauheni\Desktop\gTable\object-table\node_modules\gulp-header\node_modules\through2\node_modules\readable-stream\node_modules\core-util-is
507 verbose linkStuff [ false,
507 verbose linkStuff   false,
507 verbose linkStuff   false,
507 verbose linkStuff   'C:\\Users\\Yauheni\\Desktop\\gTable\\object-table\\node_modules\\gulp-header\\node_modules\\through2\\node_modules\\readable-stream\\node_modules' ]
508 info linkStuff core-util-is@1.0.1
509 verbose linkBins core-util-is@1.0.1
510 verbose linkMans core-util-is@1.0.1
511 verbose rebuildBundles core-util-is@1.0.1
512 info postinstall string_decoder@0.10.31
513 info install core-util-is@1.0.1
514 info postinstall core-util-is@1.0.1
515 verbose about to build C:\Users\Yauheni\Desktop\gTable\object-table\node_modules\gulp-header\node_modules\through2\node_modules\readable-stream
516 info build C:\Users\Yauheni\Desktop\gTable\object-table\node_modules\gulp-header\node_modules\through2\node_modules\readable-stream
517 verbose linkStuff [ false,
517 verbose linkStuff   false,
517 verbose linkStuff   false,
517 verbose linkStuff   'C:\\Users\\Yauheni\\Desktop\\gTable\\object-table\\node_modules\\gulp-header\\node_modules\\through2\\node_modules' ]
518 info linkStuff readable-stream@1.0.33
519 verbose linkBins readable-stream@1.0.33
520 verbose linkMans readable-stream@1.0.33
521 verbose rebuildBundles readable-stream@1.0.33
522 verbose rebuildBundles [ 'core-util-is', 'inherits', 'isarray', 'string_decoder' ]
523 info install readable-stream@1.0.33
524 info postinstall readable-stream@1.0.33
525 verbose about to build C:\Users\Yauheni\Desktop\gTable\object-table\node_modules\gulp-header\node_modules\through2
526 info build C:\Users\Yauheni\Desktop\gTable\object-table\node_modules\gulp-header\node_modules\through2
527 verbose linkStuff [ false,
527 verbose linkStuff   false,
527 verbose linkStuff   false,
527 verbose linkStuff   'C:\\Users\\Yauheni\\Desktop\\gTable\\object-table\\node_modules\\gulp-header\\node_modules' ]
528 info linkStuff through2@0.6.5
529 verbose linkBins through2@0.6.5
530 verbose linkMans through2@0.6.5
531 verbose rebuildBundles through2@0.6.5
532 verbose rebuildBundles [ 'readable-stream', 'xtend' ]
533 info install through2@0.6.5
534 info postinstall through2@0.6.5
535 verbose about to build C:\Users\Yauheni\Desktop\gTable\object-table\node_modules\gulp-header
536 info build C:\Users\Yauheni\Desktop\gTable\object-table\node_modules\gulp-header
537 verbose linkStuff [ false,
537 verbose linkStuff   false,
537 verbose linkStuff   false,
537 verbose linkStuff   'C:\\Users\\Yauheni\\Desktop\\gTable\\object-table\\node_modules' ]
538 info linkStuff gulp-header@1.2.2
539 verbose linkBins gulp-header@1.2.2
540 verbose linkMans gulp-header@1.2.2
541 verbose rebuildBundles gulp-header@1.2.2
542 verbose rebuildBundles [ 'object-assign', 'through2' ]
543 info install gulp-header@1.2.2
544 info postinstall gulp-header@1.2.2
545 error peerinvalid The package grunt does not satisfy its siblings' peerDependencies requirements!
545 error peerinvalid Peer grunt-contrib-concat@0.3.0 wants grunt@~0.4.0
545 error peerinvalid Peer grunt-contrib-uglify@0.2.4 wants grunt@~0.4.0
545 error peerinvalid Peer grunt-css-url-replace@0.2.5 wants grunt@~0.4.5
545 error peerinvalid Peer grunt-contrib-cssmin@0.6.1 wants grunt@~0.4.0
545 error peerinvalid Peer grunt-contrib-copy@0.5.0 wants grunt@~0.4.0
545 error peerinvalid Peer grunt-contrib-clean@0.5.0 wants grunt@~0.4.0
546 error System Windows_NT 6.1.7601
547 error command "C:\\Program Files\\nodejs\\\\node.exe" "C:\\Program Files\\nodejs\\node_modules\\npm\\bin\\npm-cli.js" "install" "gulp-header" "--save-dev"
548 error cwd C:\Users\Yauheni\Desktop\gTable\object-table
549 error node -v v0.10.35
550 error npm -v 1.4.28
551 error code EPEERINVALID
552 verbose exit [ 1, true ]
